[2026-06-12 14:53:01] production.ERROR: Namespace declaration statement has to be the very first statement or after any declare call in the script {"exception":"[object] (Symfony\\Component\\ErrorHandler\\Error\\FatalError(code: 0): Namespace declaration statement has to be the very first statement or after any declare call in the script at C:/Users/norla/Desktop/Proyectos con Ronaldo/copia_optica/app/Services/LandingLocationContent.php:3)
[stacktrace]
#0 {main}
"} 
[2026-06-12 14:56:35] production.ERROR: Namespace declaration statement has to be the very first statement or after any declare call in the script {"exception":"[object] (Symfony\\Component\\ErrorHandler\\Error\\FatalError(code: 0): Namespace declaration statement has to be the very first statement or after any declare call in the script at C:/Users/norla/Desktop/Proyectos con Ronaldo/copia_optica/app/Services/LandingLocationContent.php:3)
[stacktrace]
#0 {main}
"} 
[2026-06-12 15:01:48] production.ERROR: SQLSTATE[HY000]: General error: 1 no such table: productos (Connection: sqlite, Database: database/database.sqlite, SQL: select "precio", "precio_oferta" from "productos" where "tipo" in (gafas, gafas_ninas, gafas_ninos, gafas_polarizadas) and "genero_objetivo" in (female, male, unisex, ninos, ninas, gafas_polarizadas, descanso) and "esta_activo" = 1 and json_extract("meta", '$."imagen_url"') is not null and json_extract("meta", '$."imagen_url"') != ) {"exception":"[object] (Illuminate\\Database\\QueryException(code: HY000): SQLSTATE[HY000]: General error: 1 no such table: productos (Connection: sqlite, Database: database/database.sqlite, SQL: select \"precio\", \"precio_oferta\" from \"productos\" where \"tipo\" in (gafas, gafas_ninas, gafas_ninos, gafas_polarizadas) and \"genero_objetivo\" in (female, male, unisex, ninos, ninas, gafas_polarizadas, descanso) and \"esta_activo\" = 1 and json_extract(\"meta\", '$.\"imagen_url\"') is not null and json_extract(\"meta\", '$.\"imagen_url\"') != ) at C:/Users/norla/Desktop/Proyectos con Ronaldo/copia_optica/vendor/laravel/framework/src/Illuminate/Database/Connection.php:838)
[stacktrace]
#0 C:/Users/norla/Desktop/Proyectos con Ronaldo/copia_optica/vendor/laravel/framework/src/Illuminate/Database/Connection.php(794): Illuminate/Database/Connection->runQueryCallback('select \"precio\"...', Array, Object(Closure))
#1 C:/Users/norla/Desktop/Proyectos con Ronaldo/copia_optica/vendor/laravel/framework/src/Illuminate/Database/Connection.php(411): Illuminate/Database/Connection->run('select \"precio\"...', Array, Object(Closure))
#2 C:/Users/norla/Desktop/Proyectos con Ronaldo/copia_optica/vendor/laravel/framework/src/Illuminate/Database/Query/Builder.php(3475): Illuminate/Database/Connection->select('select \"precio\"...', Array, true)
#3 C:/Users/norla/Desktop/Proyectos con Ronaldo/copia_optica/vendor/laravel/framework/src/Illuminate/Database/Query/Builder.php(3460): Illuminate/Database/Query/Builder->runSelect()
#4 C:/Users/norla/Desktop/Proyectos con Ronaldo/copia_optica/vendor/laravel/framework/src/Illuminate/Database/Query/Builder.php(4050): Illuminate/Database/Query/Builder->{closure:Illuminate/Database/Query/Builder::get():3459}()
#5 C:/Users/norla/Desktop/Proyectos con Ronaldo/copia_optica/vendor/laravel/framework/src/Illuminate/Database/Query/Builder.php(3459): Illuminate/Database/Query/Builder->onceWithColumns(Array, Object(Closure))
#6 C:/Users/norla/Desktop/Proyectos con Ronaldo/copia_optica/vendor/laravel/framework/src/Illuminate/Database/Eloquent/Builder.php(902): Illuminate/Database/Query/Builder->get(Array)
#7 C:/Users/norla/Desktop/Proyectos con Ronaldo/copia_optica/vendor/laravel/framework/src/Illuminate/Database/Eloquent/Builder.php(884): Illuminate/Database/Eloquent/Builder->getModels(Array)
#8 C:/Users/norla/Desktop/Proyectos con Ronaldo/copia_optica/app/Http/Controllers/GafasController.php(67): Illuminate/Database/Eloquent/Builder->get(Array)
#9 C:/Users/norla/Desktop/Proyectos con Ronaldo/copia_optica/vendor/laravel/framework/src/Illuminate/Routing/ControllerDispatcher.php(46): App/Http/Controllers/GafasController->index(Object(Illuminate/Http/Request))
#10 C:/Users/norla/Desktop/Proyectos con Ronaldo/copia_optica/vendor/laravel/framework/src/Illuminate/Routing/Route.php(265): Illuminate/Routing/ControllerDispatcher->dispatch(Object(Illuminate/Routing/Route), Object(App/Http/Controllers/GafasController), 'index')
#11 C:/Users/norla/Desktop/Proyectos con Ronaldo/copia_optica/vendor/laravel/framework/src/Illuminate/Routing/Route.php(211): Illuminate/Routing/Route->runController()
#12 C:/Users/norla/Desktop/Proyectos con Ronaldo/copia_optica/vendor/laravel/framework/src/Illuminate/Routing/Router.php(822): Illuminate/Routing/Route->run()
#13 C:/Users/norla/Desktop/Proyectos con Ronaldo/copia_optica/vendor/laravel/framework/src/Illuminate/Pipeline/Pipeline.php(180): Illuminate/Routing/Router->{closure:Illuminate/Routing/Router::runRouteWithinStack():821}(Object(Illuminate/Http/Request))
#14 C:/Users/norla/Desktop/Proyectos con Ronaldo/copia_optica/app/Http/Middleware/TrackUserActivity.php(61): Illuminate/Pipeline/Pipeline->{closure:Illuminate/Pipeline/Pipeline::prepareDestination():178}(Object(Illuminate/Http/Request))
#15 C:/Users/norla/Desktop/Proyectos con Ronaldo/copia_optica/vendor/laravel/framework/src/Illuminate/Pipeline/Pipeline.php(219): App/Http/Middleware/TrackUserActivity->handle(Object(Illuminate/Http/Request), Object(Closure))
#16 C:/Users/norla/Desktop/Proyectos con Ronaldo/copia_optica/app/Http/Middleware/ApplyDatabaseTimeout.php(31): Illuminate/Pipeline/Pipeline->{closure:{closure:Illuminate/Pipeline/Pipeline::carry():194}:195}(Object(Illuminate/Http/Request))
#17 C:/Users/norla/Desktop/Proyectos con Ronaldo/copia_optica/vendor/laravel/framework/src/Illuminate/Pipeline/Pipeline.php(219): App/Http/Middleware/ApplyDatabaseTimeout->handle(Object(Illuminate/Http/Request), Object(Closure))
#18 C:/Users/norla/Desktop/Proyectos con Ronaldo/copia_optica/app/Http/Middleware/EnsureGuestToken.php(21): Illuminate/Pipeline/Pipeline->{closure:{closure:Illuminate/Pipeline/Pipeline::carry():194}:195}(Object(Illuminate/Http/Request))
#19 C:/Users/norla/Desktop/Proyectos con Ronaldo/copia_optica/vendor/laravel/framework/src/Illuminate/Pipeline/Pipeline.php(219): App/Http/Middleware/EnsureGuestToken->handle(Object(Illuminate/Http/Request), Object(Closure))
#20 C:/Users/norla/Desktop/Proyectos con Ronaldo/copia_optica/vendor/laravel/framework/src/Illuminate/Routing/Middleware/SubstituteBindings.php(50): Illuminate/Pipeline/Pipeline->{closure:{closure:Illuminate/Pipeline/Pipeline::carry():194}:195}(Object(Illuminate/Http/Request))
#21 C:/Users/norla/Desktop/Proyectos con Ronaldo/copia_optica/vendor/laravel/framework/src/Illuminate/Pipeline/Pipeline.php(219): Illuminate/Routing/Middleware/SubstituteBindings->handle(Object(Illuminate/Http/Request), Object(Closure))
#22 C:/Users/norla/Desktop/Proyectos con Ronaldo/copia_optica/vendor/laravel/framework/src/Illuminate/Foundation/Http/Middleware/VerifyCsrfToken.php(87): Illuminate/Pipeline/Pipeline->{closure:{closure:Illuminate/Pipeline/Pipeline::carry():194}:195}(Object(Illuminate/Http/Request))
#23 C:/Users/norla/Desktop/Proyectos con Ronaldo/copia_optica/vendor/laravel/framework/src/Illuminate/Pipeline/Pipeline.php(219): Illuminate/Foundation/Http/Middleware/VerifyCsrfToken->handle(Object(Illuminate/Http/Request), Object(Closure))
#24 C:/Users/norla/Desktop/Proyectos con Ronaldo/copia_optica/vendor/laravel/framework/src/Illuminate/View/Middleware/ShareErrorsFromSession.php(48): Illuminate/Pipeline/Pipeline->{closure:{closure:Illuminate/Pipeline/Pipeline::carry():194}:195}(Object(Illuminate/Http/Request))
#25 C:/Users/norla/Desktop/Proyectos con Ronaldo/copia_optica/vendor/laravel/framework/src/Illuminate/Pipeline/Pipeline.php(219): Illuminate/View/Middleware/ShareErrorsFromSession->handle(Object(Illuminate/Http/Request), Object(Closure))
#26 C:/Users/norla/Desktop/Proyectos con Ronaldo/copia_optica/vendor/laravel/framework/src/Illuminate/Session/Middleware/StartSession.php(120): Illuminate/Pipeline/Pipeline->{closure:{closure:Illuminate/Pipeline/Pipeline::carry():194}:195}(Object(Illuminate/Http/Request))
#27 C:/Users/norla/Desktop/Proyectos con Ronaldo/copia_optica/vendor/laravel/framework/src/Illuminate/Session/Middleware/StartSession.php(63): Illuminate/Session/Middleware/StartSession->handleStatefulRequest(Object(Illuminate/Http/Request), Object(Illuminate/Session/EncryptedStore), Object(Closure))
#28 C:/Users/norla/Desktop/Proyectos con Ronaldo/copia_optica/vendor/laravel/framework/src/Illuminate/Pipeline/Pipeline.php(219): Illuminate/Session/Middleware/StartSession->handle(Object(Illuminate/Http/Request), Object(Closure))
#29 C:/Users/norla/Desktop/Proyectos con Ronaldo/copia_optica/vendor/laravel/framework/src/Illuminate/Cookie/Middleware/AddQueuedCookiesToResponse.php(36): Illuminate/Pipeline/Pipeline->{closure:{closure:Illuminate/Pipeline/Pipeline::carry():194}:195}(Object(Illuminate/Http/Request))
#30 C:/Users/norla/Desktop/Proyectos con Ronaldo/copia_optica/vendor/laravel/framework/src/Illuminate/Pipeline/Pipeline.php(219): Illuminate/Cookie/Middleware/AddQueuedCookiesToResponse->handle(Object(Illuminate/Http/Request), Object(Closure))
#31 C:/Users/norla/Desktop/Proyectos con Ronaldo/copia_optica/vendor/laravel/framework/src/Illuminate/Cookie/Middleware/EncryptCookies.php(74): Illuminate/Pipeline/Pipeline->{closure:{closure:Illuminate/Pipeline/Pipeline::carry():194}:195}(Object(Illuminate/Http/Request))
#32 C:/Users/norla/Desktop/Proyectos con Ronaldo/copia_optica/vendor/laravel/framework/src/Illuminate/Pipeline/Pipeline.php(219): Illuminate/Cookie/Middleware/EncryptCookies->handle(Object(Illuminate/Http/Request), Object(Closure))
#33 C:/Users/norla/Desktop/Proyectos con Ronaldo/copia_optica/vendor/laravel/framework/src/Illuminate/Pipeline/Pipeline.php(137): Illuminate/Pipeline/Pipeline->{closure:{closure:Illuminate/Pipeline/Pipeline::carry():194}:195}(Object(Illuminate/Http/Request))
#34 C:/Users/norla/Desktop/Proyectos con Ronaldo/copia_optica/vendor/laravel/framework/src/Illuminate/Routing/Router.php(821): Illuminate/Pipeline/Pipeline->then(Object(Closure))
#35 C:/Users/norla/Desktop/Proyectos con Ronaldo/copia_optica/vendor/laravel/framework/src/Illuminate/Routing/Router.php(800): Illuminate/Routing/Router->runRouteWithinStack(Object(Illuminate/Routing/Route), Object(Illuminate/Http/Request))
#36 C:/Users/norla/Desktop/Proyectos con Ronaldo/copia_optica/vendor/laravel/framework/src/Illuminate/Routing/Router.php(764): Illuminate/Routing/Router->runRoute(Object(Illuminate/Http/Request), Object(Illuminate/Routing/Route))
#37 C:/Users/norla/Desktop/Proyectos con Ronaldo/copia_optica/vendor/laravel/framework/src/Illuminate/Routing/Router.php(753): Illuminate/Routing/Router->dispatchToRoute(Object(Illuminate/Http/Request))
#38 C:/Users/norla/Desktop/Proyectos con Ronaldo/copia_optica/vendor/laravel/framework/src/Illuminate/Foundation/Http/Kernel.php(200): Illuminate/Routing/Router->dispatch(Object(Illuminate/Http/Request))
#39 C:/Users/norla/Desktop/Proyectos con Ronaldo/copia_optica/vendor/laravel/framework/src/Illuminate/Pipeline/Pipeline.php(180): Illuminate/Foundation/Http/Kernel->{closure:Illuminate/Foundation/Http/Kernel::dispatchToRouter():197}(Object(Illuminate/Http/Request))
#40 C:/Users/norla/Desktop/Proyectos con Ronaldo/copia_optica/vendor/laravel/framework/src/Illuminate/Foundation/Http/Middleware/TransformsRequest.php(21): Illuminate/Pipeline/Pipeline->{closure:Illuminate/Pipeline/Pipeline::prepareDestination():178}(Object(Illuminate/Http/Request))
#41 C:/Users/norla/Desktop/Proyectos con Ronaldo/copia_optica/vendor/laravel/framework/src/Illuminate/Foundation/Http/Middleware/ConvertEmptyStringsToNull.php(31): Illuminate/Foundation/Http/Middleware/TransformsRequest->handle(Object(Illuminate/Http/Request), Object(Closure))
#42 C:/Users/norla/Desktop/Proyectos con Ronaldo/copia_optica/vendor/laravel/framework/src/Illuminate/Pipeline/Pipeline.php(219): Illuminate/Foundation/Http/Middleware/ConvertEmptyStringsToNull->handle(Object(Illuminate/Http/Request), Object(Closure))
#43 C:/Users/norla/Desktop/Proyectos con Ronaldo/copia_optica/vendor/laravel/framework/src/Illuminate/Foundation/Http/Middleware/TransformsRequest.php(21): Illuminate/Pipeline/Pipeline->{closure:{closure:Illuminate/Pipeline/Pipeline::carry():194}:195}(Object(Illuminate/Http/Request))
#44 C:/Users/norla/Desktop/Proyectos con Ronaldo/copia_optica/vendor/laravel/framework/src/Illuminate/Foundation/Http/Middleware/TrimStrings.php(51): Illuminate/Foundation/Http/Middleware/TransformsRequest->handle(Object(Illuminate/Http/Request), Object(Closure))
#45 C:/Users/norla/Desktop/Proyectos con Ronaldo/copia_optica/vendor/laravel/framework/src/Illuminate/Pipeline/Pipeline.php(219): Illuminate/Foundation/Http/Middleware/TrimStrings->handle(Object(Illuminate/Http/Request), Object(Closure))
#46 C:/Users/norla/Desktop/Proyectos con Ronaldo/copia_optica/vendor/laravel/framework/src/Illuminate/Http/Middleware/ValidatePostSize.php(27): Illuminate/Pipeline/Pipeline->{closure:{closure:Illuminate/Pipeline/Pipeline::carry():194}:195}(Object(Illuminate/Http/Request))
#47 C:/Users/norla/Desktop/Proyectos con Ronaldo/copia_optica/vendor/laravel/framework/src/Illuminate/Pipeline/Pipeline.php(219): Illuminate/Http/Middleware/ValidatePostSize->handle(Object(Illuminate/Http/Request), Object(Closure))
#48 C:/Users/norla/Desktop/Proyectos con Ronaldo/copia_optica/vendor/laravel/framework/src/Illuminate/Foundation/Http/Middleware/PreventRequestsDuringMaintenance.php(109): Illuminate/Pipeline/Pipeline->{closure:{closure:Illuminate/Pipeline/Pipeline::carry():194}:195}(Object(Illuminate/Http/Request))
#49 C:/Users/norla/Desktop/Proyectos con Ronaldo/copia_optica/vendor/laravel/framework/src/Illuminate/Pipeline/Pipeline.php(219): Illuminate/Foundation/Http/Middleware/PreventRequestsDuringMaintenance->handle(Object(Illuminate/Http/Request), Object(Closure))
#50 C:/Users/norla/Desktop/Proyectos con Ronaldo/copia_optica/vendor/laravel/framework/src/Illuminate/Http/Middleware/HandleCors.php(61): Illuminate/Pipeline/Pipeline->{closure:{closure:Illuminate/Pipeline/Pipeline::carry():194}:195}(Object(Illuminate/Http/Request))
#51 C:/Users/norla/Desktop/Proyectos con Ronaldo/copia_optica/vendor/laravel/framework/src/Illuminate/Pipeline/Pipeline.php(219): Illuminate/Http/Middleware/HandleCors->handle(Object(Illuminate/Http/Request), Object(Closure))
#52 C:/Users/norla/Desktop/Proyectos con Ronaldo/copia_optica/vendor/laravel/framework/src/Illuminate/Http/Middleware/TrustProxies.php(58): Illuminate/Pipeline/Pipeline->{closure:{closure:Illuminate/Pipeline/Pipeline::carry():194}:195}(Object(Illuminate/Http/Request))
#53 C:/Users/norla/Desktop/Proyectos con Ronaldo/copia_optica/vendor/laravel/framework/src/Illuminate/Pipeline/Pipeline.php(219): Illuminate/Http/Middleware/TrustProxies->handle(Object(Illuminate/Http/Request), Object(Closure))
#54 C:/Users/norla/Desktop/Proyectos con Ronaldo/copia_optica/vendor/laravel/framework/src/Illuminate/Foundation/Http/Middleware/InvokeDeferredCallbacks.php(22): Illuminate/Pipeline/Pipeline->{closure:{closure:Illuminate/Pipeline/Pipeline::carry():194}:195}(Object(Illuminate/Http/Request))
#55 C:/Users/norla/Desktop/Proyectos con Ronaldo/copia_optica/vendor/laravel/framework/src/Illuminate/Pipeline/Pipeline.php(219): Illuminate/Foundation/Http/Middleware/InvokeDeferredCallbacks->handle(Object(Illuminate/Http/Request), Object(Closure))
#56 C:/Users/norla/Desktop/Proyectos con Ronaldo/copia_optica/vendor/laravel/framework/src/Illuminate/Http/Middleware/ValidatePathEncoding.php(26): Illuminate/Pipeline/Pipeline->{closure:{closure:Illuminate/Pipeline/Pipeline::carry():194}:195}(Object(Illuminate/Http/Request))
#57 C:/Users/norla/Desktop/Proyectos con Ronaldo/copia_optica/vendor/laravel/framework/src/Illuminate/Pipeline/Pipeline.php(219): Illuminate/Http/Middleware/ValidatePathEncoding->handle(Object(Illuminate/Http/Request), Object(Closure))
#58 C:/Users/norla/Desktop/Proyectos con Ronaldo/copia_optica/vendor/laravel/framework/src/Illuminate/Pipeline/Pipeline.php(137): Illuminate/Pipeline/Pipeline->{closure:{closure:Illuminate/Pipeline/Pipeline::carry():194}:195}(Object(Illuminate/Http/Request))
#59 C:/Users/norla/Desktop/Proyectos con Ronaldo/copia_optica/vendor/laravel/framework/src/Illuminate/Foundation/Http/Kernel.php(175): Illuminate/Pipeline/Pipeline->then(Object(Closure))
#60 C:/Users/norla/Desktop/Proyectos con Ronaldo/copia_optica/vendor/laravel/framework/src/Illuminate/Foundation/Http/Kernel.php(144): Illuminate/Foundation/Http/Kernel->sendRequestThroughRouter(Object(Illuminate/Http/Request))
#61 C:/Users/norla/Desktop/Proyectos con Ronaldo/copia_optica/vendor/laravel/framework/src/Illuminate/Foundation/Application.php(1220): Illuminate/Foundation/Http/Kernel->handle(Object(Illuminate/Http/Request))
#62 C:/Users/norla/Desktop/Proyectos con Ronaldo/copia_optica/public/index.php(20): Illuminate/Foundation/Application->handleRequest(Object(Illuminate/Http/Request))
#63 C:/Users/norla/Desktop/Proyectos con Ronaldo/copia_optica/vendor/laravel/framework/src/Illuminate/Foundation/resources/server.php(23): require_once('C://Users//norla//...')
#64 {main}

[previous exception] [object] (PDOException(code: HY000): SQLSTATE[HY000]: General error: 1 no such table: productos at C:/Users/norla/Desktop/Proyectos con Ronaldo/copia_optica/vendor/laravel/framework/src/Illuminate/Database/Connection.php:420)
[stacktrace]
#0 C:/Users/norla/Desktop/Proyectos con Ronaldo/copia_optica/vendor/laravel/framework/src/Illuminate/Database/Connection.php(420): PDO->prepare('select \"precio\"...')
#1 C:/Users/norla/Desktop/Proyectos con Ronaldo/copia_optica/vendor/laravel/framework/src/Illuminate/Database/Connection.php(827): Illuminate/Database/Connection->{closure:Illuminate/Database/Connection::select():411}('select \"precio\"...', Array)
#2 C:/Users/norla/Desktop/Proyectos con Ronaldo/copia_optica/vendor/laravel/framework/src/Illuminate/Database/Connection.php(794): Illuminate/Database/Connection->runQueryCallback('select \"precio\"...', Array, Object(Closure))
#3 C:/Users/norla/Desktop/Proyectos con Ronaldo/copia_optica/vendor/laravel/framework/src/Illuminate/Database/Connection.php(411): Illuminate/Database/Connection->run('select \"precio\"...', Array, Object(Closure))
#4 C:/Users/norla/Desktop/Proyectos con Ronaldo/copia_optica/vendor/laravel/framework/src/Illuminate/Database/Query/Builder.php(3475): Illuminate/Database/Connection->select('select \"precio\"...', Array, true)
#5 C:/Users/norla/Desktop/Proyectos con Ronaldo/copia_optica/vendor/laravel/framework/src/Illuminate/Database/Query/Builder.php(3460): Illuminate/Database/Query/Builder->runSelect()
#6 C:/Users/norla/Desktop/Proyectos con Ronaldo/copia_optica/vendor/laravel/framework/src/Illuminate/Database/Query/Builder.php(4050): Illuminate/Database/Query/Builder->{closure:Illuminate/Database/Query/Builder::get():3459}()
#7 C:/Users/norla/Desktop/Proyectos con Ronaldo/copia_optica/vendor/laravel/framework/src/Illuminate/Database/Query/Builder.php(3459): Illuminate/Database/Query/Builder->onceWithColumns(Array, Object(Closure))
#8 C:/Users/norla/Desktop/Proyectos con Ronaldo/copia_optica/vendor/laravel/framework/src/Illuminate/Database/Eloquent/Builder.php(902): Illuminate/Database/Query/Builder->get(Array)
#9 C:/Users/norla/Desktop/Proyectos con Ronaldo/copia_optica/vendor/laravel/framework/src/Illuminate/Database/Eloquent/Builder.php(884): Illuminate/Database/Eloquent/Builder->getModels(Array)
#10 C:/Users/norla/Desktop/Proyectos con Ronaldo/copia_optica/app/Http/Controllers/GafasController.php(67): Illuminate/Database/Eloquent/Builder->get(Array)
#11 C:/Users/norla/Desktop/Proyectos con Ronaldo/copia_optica/vendor/laravel/framework/src/Illuminate/Routing/ControllerDispatcher.php(46): App/Http/Controllers/GafasController->index(Object(Illuminate/Http/Request))
#12 C:/Users/norla/Desktop/Proyectos con Ronaldo/copia_optica/vendor/laravel/framework/src/Illuminate/Routing/Route.php(265): Illuminate/Routing/ControllerDispatcher->dispatch(Object(Illuminate/Routing/Route), Object(App/Http/Controllers/GafasController), 'index')
#13 C:/Users/norla/Desktop/Proyectos con Ronaldo/copia_optica/vendor/laravel/framework/src/Illuminate/Routing/Route.php(211): Illuminate/Routing/Route->runController()
#14 C:/Users/norla/Desktop/Proyectos con Ronaldo/copia_optica/vendor/laravel/framework/src/Illuminate/Routing/Router.php(822): Illuminate/Routing/Route->run()
#15 C:/Users/norla/Desktop/Proyectos con Ronaldo/copia_optica/vendor/laravel/framework/src/Illuminate/Pipeline/Pipeline.php(180): Illuminate/Routing/Router->{closure:Illuminate/Routing/Router::runRouteWithinStack():821}(Object(Illuminate/Http/Request))
#16 C:/Users/norla/Desktop/Proyectos con Ronaldo/copia_optica/app/Http/Middleware/TrackUserActivity.php(61): Illuminate/Pipeline/Pipeline->{closure:Illuminate/Pipeline/Pipeline::prepareDestination():178}(Object(Illuminate/Http/Request))
#17 C:/Users/norla/Desktop/Proyectos con Ronaldo/copia_optica/vendor/laravel/framework/src/Illuminate/Pipeline/Pipeline.php(219): App/Http/Middleware/TrackUserActivity->handle(Object(Illuminate/Http/Request), Object(Closure))
#18 C:/Users/norla/Desktop/Proyectos con Ronaldo/copia_optica/app/Http/Middleware/ApplyDatabaseTimeout.php(31): Illuminate/Pipeline/Pipeline->{closure:{closure:Illuminate/Pipeline/Pipeline::carry():194}:195}(Object(Illuminate/Http/Request))
#19 C:/Users/norla/Desktop/Proyectos con Ronaldo/copia_optica/vendor/laravel/framework/src/Illuminate/Pipeline/Pipeline.php(219): App/Http/Middleware/ApplyDatabaseTimeout->handle(Object(Illuminate/Http/Request), Object(Closure))
#20 C:/Users/norla/Desktop/Proyectos con Ronaldo/copia_optica/app/Http/Middleware/EnsureGuestToken.php(21): Illuminate/Pipeline/Pipeline->{closure:{closure:Illuminate/Pipeline/Pipeline::carry():194}:195}(Object(Illuminate/Http/Request))
#21 C:/Users/norla/Desktop/Proyectos con Ronaldo/copia_optica/vendor/laravel/framework/src/Illuminate/Pipeline/Pipeline.php(219): App/Http/Middleware/EnsureGuestToken->handle(Object(Illuminate/Http/Request), Object(Closure))
#22 C:/Users/norla/Desktop/Proyectos con Ronaldo/copia_optica/vendor/laravel/framework/src/Illuminate/Routing/Middleware/SubstituteBindings.php(50): Illuminate/Pipeline/Pipeline->{closure:{closure:Illuminate/Pipeline/Pipeline::carry():194}:195}(Object(Illuminate/Http/Request))
#23 C:/Users/norla/Desktop/Proyectos con Ronaldo/copia_optica/vendor/laravel/framework/src/Illuminate/Pipeline/Pipeline.php(219): Illuminate/Routing/Middleware/SubstituteBindings->handle(Object(Illuminate/Http/Request), Object(Closure))
#24 C:/Users/norla/Desktop/Proyectos con Ronaldo/copia_optica/vendor/laravel/framework/src/Illuminate/Foundation/Http/Middleware/VerifyCsrfToken.php(87): Illuminate/Pipeline/Pipeline->{closure:{closure:Illuminate/Pipeline/Pipeline::carry():194}:195}(Object(Illuminate/Http/Request))
#25 C:/Users/norla/Desktop/Proyectos con Ronaldo/copia_optica/vendor/laravel/framework/src/Illuminate/Pipeline/Pipeline.php(219): Illuminate/Foundation/Http/Middleware/VerifyCsrfToken->handle(Object(Illuminate/Http/Request), Object(Closure))
#26 C:/Users/norla/Desktop/Proyectos con Ronaldo/copia_optica/vendor/laravel/framework/src/Illuminate/View/Middleware/ShareErrorsFromSession.php(48): Illuminate/Pipeline/Pipeline->{closure:{closure:Illuminate/Pipeline/Pipeline::carry():194}:195}(Object(Illuminate/Http/Request))
#27 C:/Users/norla/Desktop/Proyectos con Ronaldo/copia_optica/vendor/laravel/framework/src/Illuminate/Pipeline/Pipeline.php(219): Illuminate/View/Middleware/ShareErrorsFromSession->handle(Object(Illuminate/Http/Request), Object(Closure))
#28 C:/Users/norla/Desktop/Proyectos con Ronaldo/copia_optica/vendor/laravel/framework/src/Illuminate/Session/Middleware/StartSession.php(120): Illuminate/Pipeline/Pipeline->{closure:{closure:Illuminate/Pipeline/Pipeline::carry():194}:195}(Object(Illuminate/Http/Request))
#29 C:/Users/norla/Desktop/Proyectos con Ronaldo/copia_optica/vendor/laravel/framework/src/Illuminate/Session/Middleware/StartSession.php(63): Illuminate/Session/Middleware/StartSession->handleStatefulRequest(Object(Illuminate/Http/Request), Object(Illuminate/Session/EncryptedStore), Object(Closure))
#30 C:/Users/norla/Desktop/Proyectos con Ronaldo/copia_optica/vendor/laravel/framework/src/Illuminate/Pipeline/Pipeline.php(219): Illuminate/Session/Middleware/StartSession->handle(Object(Illuminate/Http/Request), Object(Closure))
#31 C:/Users/norla/Desktop/Proyectos con Ronaldo/copia_optica/vendor/laravel/framework/src/Illuminate/Cookie/Middleware/AddQueuedCookiesToResponse.php(36): Illuminate/Pipeline/Pipeline->{closure:{closure:Illuminate/Pipeline/Pipeline::carry():194}:195}(Object(Illuminate/Http/Request))
#32 C:/Users/norla/Desktop/Proyectos con Ronaldo/copia_optica/vendor/laravel/framework/src/Illuminate/Pipeline/Pipeline.php(219): Illuminate/Cookie/Middleware/AddQueuedCookiesToResponse->handle(Object(Illuminate/Http/Request), Object(Closure))
#33 C:/Users/norla/Desktop/Proyectos con Ronaldo/copia_optica/vendor/laravel/framework/src/Illuminate/Cookie/Middleware/EncryptCookies.php(74): Illuminate/Pipeline/Pipeline->{closure:{closure:Illuminate/Pipeline/Pipeline::carry():194}:195}(Object(Illuminate/Http/Request))
#34 C:/Users/norla/Desktop/Proyectos con Ronaldo/copia_optica/vendor/laravel/framework/src/Illuminate/Pipeline/Pipeline.php(219): Illuminate/Cookie/Middleware/EncryptCookies->handle(Object(Illuminate/Http/Request), Object(Closure))
#35 C:/Users/norla/Desktop/Proyectos con Ronaldo/copia_optica/vendor/laravel/framework/src/Illuminate/Pipeline/Pipeline.php(137): Illuminate/Pipeline/Pipeline->{closure:{closure:Illuminate/Pipeline/Pipeline::carry():194}:195}(Object(Illuminate/Http/Request))
#36 C:/Users/norla/Desktop/Proyectos con Ronaldo/copia_optica/vendor/laravel/framework/src/Illuminate/Routing/Router.php(821): Illuminate/Pipeline/Pipeline->then(Object(Closure))
#37 C:/Users/norla/Desktop/Proyectos con Ronaldo/copia_optica/vendor/laravel/framework/src/Illuminate/Routing/Router.php(800): Illuminate/Routing/Router->runRouteWithinStack(Object(Illuminate/Routing/Route), Object(Illuminate/Http/Request))
#38 C:/Users/norla/Desktop/Proyectos con Ronaldo/copia_optica/vendor/laravel/framework/src/Illuminate/Routing/Router.php(764): Illuminate/Routing/Router->runRoute(Object(Illuminate/Http/Request), Object(Illuminate/Routing/Route))
#39 C:/Users/norla/Desktop/Proyectos con Ronaldo/copia_optica/vendor/laravel/framework/src/Illuminate/Routing/Router.php(753): Illuminate/Routing/Router->dispatchToRoute(Object(Illuminate/Http/Request))
#40 C:/Users/norla/Desktop/Proyectos con Ronaldo/copia_optica/vendor/laravel/framework/src/Illuminate/Foundation/Http/Kernel.php(200): Illuminate/Routing/Router->dispatch(Object(Illuminate/Http/Request))
#41 C:/Users/norla/Desktop/Proyectos con Ronaldo/copia_optica/vendor/laravel/framework/src/Illuminate/Pipeline/Pipeline.php(180): Illuminate/Foundation/Http/Kernel->{closure:Illuminate/Foundation/Http/Kernel::dispatchToRouter():197}(Object(Illuminate/Http/Request))
#42 C:/Users/norla/Desktop/Proyectos con Ronaldo/copia_optica/vendor/laravel/framework/src/Illuminate/Foundation/Http/Middleware/TransformsRequest.php(21): Illuminate/Pipeline/Pipeline->{closure:Illuminate/Pipeline/Pipeline::prepareDestination():178}(Object(Illuminate/Http/Request))
#43 C:/Users/norla/Desktop/Proyectos con Ronaldo/copia_optica/vendor/laravel/framework/src/Illuminate/Foundation/Http/Middleware/ConvertEmptyStringsToNull.php(31): Illuminate/Foundation/Http/Middleware/TransformsRequest->handle(Object(Illuminate/Http/Request), Object(Closure))
#44 C:/Users/norla/Desktop/Proyectos con Ronaldo/copia_optica/vendor/laravel/framework/src/Illuminate/Pipeline/Pipeline.php(219): Illuminate/Foundation/Http/Middleware/ConvertEmptyStringsToNull->handle(Object(Illuminate/Http/Request), Object(Closure))
#45 C:/Users/norla/Desktop/Proyectos con Ronaldo/copia_optica/vendor/laravel/framework/src/Illuminate/Foundation/Http/Middleware/TransformsRequest.php(21): Illuminate/Pipeline/Pipeline->{closure:{closure:Illuminate/Pipeline/Pipeline::carry():194}:195}(Object(Illuminate/Http/Request))
#46 C:/Users/norla/Desktop/Proyectos con Ronaldo/copia_optica/vendor/laravel/framework/src/Illuminate/Foundation/Http/Middleware/TrimStrings.php(51): Illuminate/Foundation/Http/Middleware/TransformsRequest->handle(Object(Illuminate/Http/Request), Object(Closure))
#47 C:/Users/norla/Desktop/Proyectos con Ronaldo/copia_optica/vendor/laravel/framework/src/Illuminate/Pipeline/Pipeline.php(219): Illuminate/Foundation/Http/Middleware/TrimStrings->handle(Object(Illuminate/Http/Request), Object(Closure))
#48 C:/Users/norla/Desktop/Proyectos con Ronaldo/copia_optica/vendor/laravel/framework/src/Illuminate/Http/Middleware/ValidatePostSize.php(27): Illuminate/Pipeline/Pipeline->{closure:{closure:Illuminate/Pipeline/Pipeline::carry():194}:195}(Object(Illuminate/Http/Request))
#49 C:/Users/norla/Desktop/Proyectos con Ronaldo/copia_optica/vendor/laravel/framework/src/Illuminate/Pipeline/Pipeline.php(219): Illuminate/Http/Middleware/ValidatePostSize->handle(Object(Illuminate/Http/Request), Object(Closure))
#50 C:/Users/norla/Desktop/Proyectos con Ronaldo/copia_optica/vendor/laravel/framework/src/Illuminate/Foundation/Http/Middleware/PreventRequestsDuringMaintenance.php(109): Illuminate/Pipeline/Pipeline->{closure:{closure:Illuminate/Pipeline/Pipeline::carry():194}:195}(Object(Illuminate/Http/Request))
#51 C:/Users/norla/Desktop/Proyectos con Ronaldo/copia_optica/vendor/laravel/framework/src/Illuminate/Pipeline/Pipeline.php(219): Illuminate/Foundation/Http/Middleware/PreventRequestsDuringMaintenance->handle(Object(Illuminate/Http/Request), Object(Closure))
#52 C:/Users/norla/Desktop/Proyectos con Ronaldo/copia_optica/vendor/laravel/framework/src/Illuminate/Http/Middleware/HandleCors.php(61): Illuminate/Pipeline/Pipeline->{closure:{closure:Illuminate/Pipeline/Pipeline::carry():194}:195}(Object(Illuminate/Http/Request))
#53 C:/Users/norla/Desktop/Proyectos con Ronaldo/copia_optica/vendor/laravel/framework/src/Illuminate/Pipeline/Pipeline.php(219): Illuminate/Http/Middleware/HandleCors->handle(Object(Illuminate/Http/Request), Object(Closure))
#54 C:/Users/norla/Desktop/Proyectos con Ronaldo/copia_optica/vendor/laravel/framework/src/Illuminate/Http/Middleware/TrustProxies.php(58): Illuminate/Pipeline/Pipeline->{closure:{closure:Illuminate/Pipeline/Pipeline::carry():194}:195}(Object(Illuminate/Http/Request))
#55 C:/Users/norla/Desktop/Proyectos con Ronaldo/copia_optica/vendor/laravel/framework/src/Illuminate/Pipeline/Pipeline.php(219): Illuminate/Http/Middleware/TrustProxies->handle(Object(Illuminate/Http/Request), Object(Closure))
#56 C:/Users/norla/Desktop/Proyectos con Ronaldo/copia_optica/vendor/laravel/framework/src/Illuminate/Foundation/Http/Middleware/InvokeDeferredCallbacks.php(22): Illuminate/Pipeline/Pipeline->{closure:{closure:Illuminate/Pipeline/Pipeline::carry():194}:195}(Object(Illuminate/Http/Request))
#57 C:/Users/norla/Desktop/Proyectos con Ronaldo/copia_optica/vendor/laravel/framework/src/Illuminate/Pipeline/Pipeline.php(219): Illuminate/Foundation/Http/Middleware/InvokeDeferredCallbacks->handle(Object(Illuminate/Http/Request), Object(Closure))
#58 C:/Users/norla/Desktop/Proyectos con Ronaldo/copia_optica/vendor/laravel/framework/src/Illuminate/Http/Middleware/ValidatePathEncoding.php(26): Illuminate/Pipeline/Pipeline->{closure:{closure:Illuminate/Pipeline/Pipeline::carry():194}:195}(Object(Illuminate/Http/Request))
#59 C:/Users/norla/Desktop/Proyectos con Ronaldo/copia_optica/vendor/laravel/framework/src/Illuminate/Pipeline/Pipeline.php(219): Illuminate/Http/Middleware/ValidatePathEncoding->handle(Object(Illuminate/Http/Request), Object(Closure))
#60 C:/Users/norla/Desktop/Proyectos con Ronaldo/copia_optica/vendor/laravel/framework/src/Illuminate/Pipeline/Pipeline.php(137): Illuminate/Pipeline/Pipeline->{closure:{closure:Illuminate/Pipeline/Pipeline::carry():194}:195}(Object(Illuminate/Http/Request))
#61 C:/Users/norla/Desktop/Proyectos con Ronaldo/copia_optica/vendor/laravel/framework/src/Illuminate/Foundation/Http/Kernel.php(175): Illuminate/Pipeline/Pipeline->then(Object(Closure))
#62 C:/Users/norla/Desktop/Proyectos con Ronaldo/copia_optica/vendor/laravel/framework/src/Illuminate/Foundation/Http/Kernel.php(144): Illuminate/Foundation/Http/Kernel->sendRequestThroughRouter(Object(Illuminate/Http/Request))
#63 C:/Users/norla/Desktop/Proyectos con Ronaldo/copia_optica/vendor/laravel/framework/src/Illuminate/Foundation/Application.php(1220): Illuminate/Foundation/Http/Kernel->handle(Object(Illuminate/Http/Request))
#64 C:/Users/norla/Desktop/Proyectos con Ronaldo/copia_optica/public/index.php(20): Illuminate/Foundation/Application->handleRequest(Object(Illuminate/Http/Request))
#65 C:/Users/norla/Desktop/Proyectos con Ronaldo/copia_optica/vendor/laravel/framework/src/Illuminate/Foundation/resources/server.php(23): require_once('C://Users//norla//...')
#66 {main}
"} 
[2026-06-12 15:03:01] production.ERROR: SQLSTATE[HY000]: General error: 1 table "usuarios" already exists (Connection: sqlite, Database: database/database.sqlite, SQL: create table "usuarios" ("id" integer primary key autoincrement not null, "nombre" varchar not null, "correo" varchar not null, "correo_verificado_en" datetime, "contrasena" varchar not null, "token_recordar" varchar, "created_at" datetime, "updated_at" datetime)) {"exception":"[object] (Illuminate\\Database\\QueryException(code: HY000): SQLSTATE[HY000]: General error: 1 table \"usuarios\" already exists (Connection: sqlite, Database: database/database.sqlite, SQL: create table \"usuarios\" (\"id\" integer primary key autoincrement not null, \"nombre\" varchar not null, \"correo\" varchar not null, \"correo_verificado_en\" datetime, \"contrasena\" varchar not null, \"token_recordar\" varchar, \"created_at\" datetime, \"updated_at\" datetime)) at C:/Users/norla/Desktop/Proyectos con Ronaldo/copia_optica/vendor/laravel/framework/src/Illuminate/Database/Connection.php:838)
[stacktrace]
#0 C:/Users/norla/Desktop/Proyectos con Ronaldo/copia_optica/vendor/laravel/framework/src/Illuminate/Database/Connection.php(794): Illuminate/Database/Connection->runQueryCallback('create table \"u...', Array, Object(Closure))
#1 C:/Users/norla/Desktop/Proyectos con Ronaldo/copia_optica/vendor/laravel/framework/src/Illuminate/Database/Connection.php(573): Illuminate/Database/Connection->run('create table \"u...', Array, Object(Closure))
#2 C:/Users/norla/Desktop/Proyectos con Ronaldo/copia_optica/vendor/laravel/framework/src/Illuminate/Database/Schema/Blueprint.php(121): Illuminate/Database/Connection->statement('create table \"u...')
#3 C:/Users/norla/Desktop/Proyectos con Ronaldo/copia_optica/vendor/laravel/framework/src/Illuminate/Database/Schema/Builder.php(686): Illuminate/Database/Schema/Blueprint->build()
#4 C:/Users/norla/Desktop/Proyectos con Ronaldo/copia_optica/vendor/laravel/framework/src/Illuminate/Database/Schema/Builder.php(506): Illuminate/Database/Schema/Builder->build(Object(Illuminate/Database/Schema/Blueprint))
#5 C:/Users/norla/Desktop/Proyectos con Ronaldo/copia_optica/vendor/laravel/framework/src/Illuminate/Support/Facades/Facade.php(363): Illuminate/Database/Schema/Builder->create('usuarios', Object(Closure))
#6 C:/Users/norla/Desktop/Proyectos con Ronaldo/copia_optica/database/migrations/0001_01_01_000000_create_users_table.php(17): Illuminate/Support/Facades/Facade::__callStatic('create', Array)
#7 C:/Users/norla/Desktop/Proyectos con Ronaldo/copia_optica/vendor/laravel/framework/src/Illuminate/Database/Migrations/Migrator.php(517): Illuminate/Database/Migrations/Migration@anonymous->up()
#8 C:/Users/norla/Desktop/Proyectos con Ronaldo/copia_optica/vendor/laravel/framework/src/Illuminate/Database/Migrations/Migrator.php(442): Illuminate/Database/Migrations/Migrator->runMethod(Object(Illuminate/Database/SQLiteConnection), Object(Illuminate/Database/Migrations/Migration@anonymous), 'up')
#9 C:/Users/norla/Desktop/Proyectos con Ronaldo/copia_optica/vendor/laravel/framework/src/Illuminate/Database/Migrations/Migrator.php(451): Illuminate/Database/Migrations/Migrator->{closure:Illuminate/Database/Migrations/Migrator::runMigration():438}()
#10 C:/Users/norla/Desktop/Proyectos con Ronaldo/copia_optica/vendor/laravel/framework/src/Illuminate/Database/Migrations/Migrator.php(253): Illuminate/Database/Migrations/Migrator->runMigration(Object(Illuminate/Database/Migrations/Migration@anonymous), 'up')
#11 C:/Users/norla/Desktop/Proyectos con Ronaldo/copia_optica/vendor/laravel/framework/src/Illuminate/Console/View/Components/Task.php(41): Illuminate/Database/Migrations/Migrator->{closure:Illuminate/Database/Migrations/Migrator::runUp():253}()
#12 C:/Users/norla/Desktop/Proyectos con Ronaldo/copia_optica/vendor/laravel/framework/src/Illuminate/Database/Migrations/Migrator.php(814): Illuminate/Console/View/Components/Task->render('0001_01_01_0000...', Object(Closure))
#13 C:/Users/norla/Desktop/Proyectos con Ronaldo/copia_optica/vendor/laravel/framework/src/Illuminate/Database/Migrations/Migrator.php(253): Illuminate/Database/Migrations/Migrator->write('Illuminate//Cons...', '0001_01_01_0000...', Object(Closure))
#14 C:/Users/norla/Desktop/Proyectos con Ronaldo/copia_optica/vendor/laravel/framework/src/Illuminate/Database/Migrations/Migrator.php(211): Illuminate/Database/Migrations/Migrator->runUp('C://Users//norla//...', 1, false)
#15 C:/Users/norla/Desktop/Proyectos con Ronaldo/copia_optica/vendor/laravel/framework/src/Illuminate/Database/Migrations/Migrator.php(138): Illuminate/Database/Migrations/Migrator->runPending(Array, Array)
#16 C:/Users/norla/Desktop/Proyectos con Ronaldo/copia_optica/vendor/laravel/framework/src/Illuminate/Database/Console/Migrations/MigrateCommand.php(116): Illuminate/Database/Migrations/Migrator->run(Array, Array)
#17 C:/Users/norla/Desktop/Proyectos con Ronaldo/copia_optica/vendor/laravel/framework/src/Illuminate/Database/Migrations/Migrator.php(671): Illuminate/Database/Console/Migrations/MigrateCommand->{closure:Illuminate/Database/Console/Migrations/MigrateCommand::runMigrations():109}()
#18 C:/Users/norla/Desktop/Proyectos con Ronaldo/copia_optica/vendor/laravel/framework/src/Illuminate/Database/Console/Migrations/MigrateCommand.php(109): Illuminate/Database/Migrations/Migrator->usingConnection(NULL, Object(Closure))
#19 C:/Users/norla/Desktop/Proyectos con Ronaldo/copia_optica/vendor/laravel/framework/src/Illuminate/Database/Console/Migrations/MigrateCommand.php(88): Illuminate/Database/Console/Migrations/MigrateCommand->runMigrations()
#20 C:/Users/norla/Desktop/Proyectos con Ronaldo/copia_optica/vendor/laravel/framework/src/Illuminate/Container/BoundMethod.php(36): Illuminate/Database/Console/Migrations/MigrateCommand->handle()
#21 C:/Users/norla/Desktop/Proyectos con Ronaldo/copia_optica/vendor/laravel/framework/src/Illuminate/Container/Util.php(43): Illuminate/Container/BoundMethod::{closure:Illuminate/Container/BoundMethod::call():35}()
#22 C:/Users/norla/Desktop/Proyectos con Ronaldo/copia_optica/vendor/laravel/framework/src/Illuminate/Container/BoundMethod.php(96): Illuminate/Container/Util::unwrapIfClosure(Object(Closure))
#23 C:/Users/norla/Desktop/Proyectos con Ronaldo/copia_optica/vendor/laravel/framework/src/Illuminate/Container/BoundMethod.php(35): Illuminate/Container/BoundMethod::callBoundMethod(Object(Illuminate/Foundation/Application), Array, Object(Closure))
#24 C:/Users/norla/Desktop/Proyectos con Ronaldo/copia_optica/vendor/laravel/framework/src/Illuminate/Container/Container.php(799): Illuminate/Container/BoundMethod::call(Object(Illuminate/Foundation/Application), Array, Array, NULL)
#25 C:/Users/norla/Desktop/Proyectos con Ronaldo/copia_optica/vendor/laravel/framework/src/Illuminate/Console/Command.php(211): Illuminate/Container/Container->call(Array)
#26 C:/Users/norla/Desktop/Proyectos con Ronaldo/copia_optica/vendor/symfony/console/Command/Command.php(341): Illuminate/Console/Command->execute(Object(Symfony/Component/Console/Input/ArgvInput), Object(Illuminate/Console/OutputStyle))
#27 C:/Users/norla/Desktop/Proyectos con Ronaldo/copia_optica/vendor/laravel/framework/src/Illuminate/Console/Command.php(180): Symfony/Component/Console/Command/Command->run(Object(Symfony/Component/Console/Input/ArgvInput), Object(Illuminate/Console/OutputStyle))
#28 C:/Users/norla/Desktop/Proyectos con Ronaldo/copia_optica/vendor/symfony/console/Application.php(1102): Illuminate/Console/Command->run(Object(Symfony/Component/Console/Input/ArgvInput), Object(Symfony/Component/Console/Output/ConsoleOutput))
#29 C:/Users/norla/Desktop/Proyectos con Ronaldo/copia_optica/vendor/symfony/console/Application.php(356): Symfony/Component/Console/Application->doRunCommand(Object(Illuminate/Database/Console/Migrations/MigrateCommand), Object(Symfony/Component/Console/Input/ArgvInput), Object(Symfony/Component/Console/Output/ConsoleOutput))
#30 C:/Users/norla/Desktop/Proyectos con Ronaldo/copia_optica/vendor/symfony/console/Application.php(195): Symfony/Component/Console/Application->doRun(Object(Symfony/Component/Console/Input/ArgvInput), Object(Symfony/Component/Console/Output/ConsoleOutput))
#31 C:/Users/norla/Desktop/Proyectos con Ronaldo/copia_optica/vendor/laravel/framework/src/Illuminate/Foundation/Console/Kernel.php(198): Symfony/Component/Console/Application->run(Object(Symfony/Component/Console/Input/ArgvInput), Object(Symfony/Component/Console/Output/ConsoleOutput))
#32 C:/Users/norla/Desktop/Proyectos con Ronaldo/copia_optica/vendor/laravel/framework/src/Illuminate/Foundation/Application.php(1235): Illuminate/Foundation/Console/Kernel->handle(Object(Symfony/Component/Console/Input/ArgvInput), Object(Symfony/Component/Console/Output/ConsoleOutput))
#33 C:/Users/norla/Desktop/Proyectos con Ronaldo/copia_optica/artisan(16): Illuminate/Foundation/Application->handleCommand(Object(Symfony/Component/Console/Input/ArgvInput))
#34 {main}

[previous exception] [object] (PDOException(code: HY000): SQLSTATE[HY000]: General error: 1 table \"usuarios\" already exists at C:/Users/norla/Desktop/Proyectos con Ronaldo/copia_optica/vendor/laravel/framework/src/Illuminate/Database/Connection.php:578)
[stacktrace]
#0 C:/Users/norla/Desktop/Proyectos con Ronaldo/copia_optica/vendor/laravel/framework/src/Illuminate/Database/Connection.php(578): PDO->prepare('create table \"u...')
#1 C:/Users/norla/Desktop/Proyectos con Ronaldo/copia_optica/vendor/laravel/framework/src/Illuminate/Database/Connection.php(827): Illuminate/Database/Connection->{closure:Illuminate/Database/Connection::statement():573}('create table \"u...', Array)
#2 C:/Users/norla/Desktop/Proyectos con Ronaldo/copia_optica/vendor/laravel/framework/src/Illuminate/Database/Connection.php(794): Illuminate/Database/Connection->runQueryCallback('create table \"u...', Array, Object(Closure))
#3 C:/Users/norla/Desktop/Proyectos con Ronaldo/copia_optica/vendor/laravel/framework/src/Illuminate/Database/Connection.php(573): Illuminate/Database/Connection->run('create table \"u...', Array, Object(Closure))
#4 C:/Users/norla/Desktop/Proyectos con Ronaldo/copia_optica/vendor/laravel/framework/src/Illuminate/Database/Schema/Blueprint.php(121): Illuminate/Database/Connection->statement('create table \"u...')
#5 C:/Users/norla/Desktop/Proyectos con Ronaldo/copia_optica/vendor/laravel/framework/src/Illuminate/Database/Schema/Builder.php(686): Illuminate/Database/Schema/Blueprint->build()
#6 C:/Users/norla/Desktop/Proyectos con Ronaldo/copia_optica/vendor/laravel/framework/src/Illuminate/Database/Schema/Builder.php(506): Illuminate/Database/Schema/Builder->build(Object(Illuminate/Database/Schema/Blueprint))
#7 C:/Users/norla/Desktop/Proyectos con Ronaldo/copia_optica/vendor/laravel/framework/src/Illuminate/Support/Facades/Facade.php(363): Illuminate/Database/Schema/Builder->create('usuarios', Object(Closure))
#8 C:/Users/norla/Desktop/Proyectos con Ronaldo/copia_optica/database/migrations/0001_01_01_000000_create_users_table.php(17): Illuminate/Support/Facades/Facade::__callStatic('create', Array)
#9 C:/Users/norla/Desktop/Proyectos con Ronaldo/copia_optica/vendor/laravel/framework/src/Illuminate/Database/Migrations/Migrator.php(517): Illuminate/Database/Migrations/Migration@anonymous->up()
#10 C:/Users/norla/Desktop/Proyectos con Ronaldo/copia_optica/vendor/laravel/framework/src/Illuminate/Database/Migrations/Migrator.php(442): Illuminate/Database/Migrations/Migrator->runMethod(Object(Illuminate/Database/SQLiteConnection), Object(Illuminate/Database/Migrations/Migration@anonymous), 'up')
#11 C:/Users/norla/Desktop/Proyectos con Ronaldo/copia_optica/vendor/laravel/framework/src/Illuminate/Database/Migrations/Migrator.php(451): Illuminate/Database/Migrations/Migrator->{closure:Illuminate/Database/Migrations/Migrator::runMigration():438}()
#12 C:/Users/norla/Desktop/Proyectos con Ronaldo/copia_optica/vendor/laravel/framework/src/Illuminate/Database/Migrations/Migrator.php(253): Illuminate/Database/Migrations/Migrator->runMigration(Object(Illuminate/Database/Migrations/Migration@anonymous), 'up')
#13 C:/Users/norla/Desktop/Proyectos con Ronaldo/copia_optica/vendor/laravel/framework/src/Illuminate/Console/View/Components/Task.php(41): Illuminate/Database/Migrations/Migrator->{closure:Illuminate/Database/Migrations/Migrator::runUp():253}()
#14 C:/Users/norla/Desktop/Proyectos con Ronaldo/copia_optica/vendor/laravel/framework/src/Illuminate/Database/Migrations/Migrator.php(814): Illuminate/Console/View/Components/Task->render('0001_01_01_0000...', Object(Closure))
#15 C:/Users/norla/Desktop/Proyectos con Ronaldo/copia_optica/vendor/laravel/framework/src/Illuminate/Database/Migrations/Migrator.php(253): Illuminate/Database/Migrations/Migrator->write('Illuminate//Cons...', '0001_01_01_0000...', Object(Closure))
#16 C:/Users/norla/Desktop/Proyectos con Ronaldo/copia_optica/vendor/laravel/framework/src/Illuminate/Database/Migrations/Migrator.php(211): Illuminate/Database/Migrations/Migrator->runUp('C://Users//norla//...', 1, false)
#17 C:/Users/norla/Desktop/Proyectos con Ronaldo/copia_optica/vendor/laravel/framework/src/Illuminate/Database/Migrations/Migrator.php(138): Illuminate/Database/Migrations/Migrator->runPending(Array, Array)
#18 C:/Users/norla/Desktop/Proyectos con Ronaldo/copia_optica/vendor/laravel/framework/src/Illuminate/Database/Console/Migrations/MigrateCommand.php(116): Illuminate/Database/Migrations/Migrator->run(Array, Array)
#19 C:/Users/norla/Desktop/Proyectos con Ronaldo/copia_optica/vendor/laravel/framework/src/Illuminate/Database/Migrations/Migrator.php(671): Illuminate/Database/Console/Migrations/MigrateCommand->{closure:Illuminate/Database/Console/Migrations/MigrateCommand::runMigrations():109}()
#20 C:/Users/norla/Desktop/Proyectos con Ronaldo/copia_optica/vendor/laravel/framework/src/Illuminate/Database/Console/Migrations/MigrateCommand.php(109): Illuminate/Database/Migrations/Migrator->usingConnection(NULL, Object(Closure))
#21 C:/Users/norla/Desktop/Proyectos con Ronaldo/copia_optica/vendor/laravel/framework/src/Illuminate/Database/Console/Migrations/MigrateCommand.php(88): Illuminate/Database/Console/Migrations/MigrateCommand->runMigrations()
#22 C:/Users/norla/Desktop/Proyectos con Ronaldo/copia_optica/vendor/laravel/framework/src/Illuminate/Container/BoundMethod.php(36): Illuminate/Database/Console/Migrations/MigrateCommand->handle()
#23 C:/Users/norla/Desktop/Proyectos con Ronaldo/copia_optica/vendor/laravel/framework/src/Illuminate/Container/Util.php(43): Illuminate/Container/BoundMethod::{closure:Illuminate/Container/BoundMethod::call():35}()
#24 C:/Users/norla/Desktop/Proyectos con Ronaldo/copia_optica/vendor/laravel/framework/src/Illuminate/Container/BoundMethod.php(96): Illuminate/Container/Util::unwrapIfClosure(Object(Closure))
#25 C:/Users/norla/Desktop/Proyectos con Ronaldo/copia_optica/vendor/laravel/framework/src/Illuminate/Container/BoundMethod.php(35): Illuminate/Container/BoundMethod::callBoundMethod(Object(Illuminate/Foundation/Application), Array, Object(Closure))
#26 C:/Users/norla/Desktop/Proyectos con Ronaldo/copia_optica/vendor/laravel/framework/src/Illuminate/Container/Container.php(799): Illuminate/Container/BoundMethod::call(Object(Illuminate/Foundation/Application), Array, Array, NULL)
#27 C:/Users/norla/Desktop/Proyectos con Ronaldo/copia_optica/vendor/laravel/framework/src/Illuminate/Console/Command.php(211): Illuminate/Container/Container->call(Array)
#28 C:/Users/norla/Desktop/Proyectos con Ronaldo/copia_optica/vendor/symfony/console/Command/Command.php(341): Illuminate/Console/Command->execute(Object(Symfony/Component/Console/Input/ArgvInput), Object(Illuminate/Console/OutputStyle))
#29 C:/Users/norla/Desktop/Proyectos con Ronaldo/copia_optica/vendor/laravel/framework/src/Illuminate/Console/Command.php(180): Symfony/Component/Console/Command/Command->run(Object(Symfony/Component/Console/Input/ArgvInput), Object(Illuminate/Console/OutputStyle))
#30 C:/Users/norla/Desktop/Proyectos con Ronaldo/copia_optica/vendor/symfony/console/Application.php(1102): Illuminate/Console/Command->run(Object(Symfony/Component/Console/Input/ArgvInput), Object(Symfony/Component/Console/Output/ConsoleOutput))
#31 C:/Users/norla/Desktop/Proyectos con Ronaldo/copia_optica/vendor/symfony/console/Application.php(356): Symfony/Component/Console/Application->doRunCommand(Object(Illuminate/Database/Console/Migrations/MigrateCommand), Object(Symfony/Component/Console/Input/ArgvInput), Object(Symfony/Component/Console/Output/ConsoleOutput))
#32 C:/Users/norla/Desktop/Proyectos con Ronaldo/copia_optica/vendor/symfony/console/Application.php(195): Symfony/Component/Console/Application->doRun(Object(Symfony/Component/Console/Input/ArgvInput), Object(Symfony/Component/Console/Output/ConsoleOutput))
#33 C:/Users/norla/Desktop/Proyectos con Ronaldo/copia_optica/vendor/laravel/framework/src/Illuminate/Foundation/Console/Kernel.php(198): Symfony/Component/Console/Application->run(Object(Symfony/Component/Console/Input/ArgvInput), Object(Symfony/Component/Console/Output/ConsoleOutput))
#34 C:/Users/norla/Desktop/Proyectos con Ronaldo/copia_optica/vendor/laravel/framework/src/Illuminate/Foundation/Application.php(1235): Illuminate/Foundation/Console/Kernel->handle(Object(Symfony/Component/Console/Input/ArgvInput), Object(Symfony/Component/Console/Output/ConsoleOutput))
#35 C:/Users/norla/Desktop/Proyectos con Ronaldo/copia_optica/artisan(16): Illuminate/Foundation/Application->handleCommand(Object(Symfony/Component/Console/Input/ArgvInput))
#36 {main}
"} 
[2026-06-13 15:35:22] production.ERROR: PHP Parse error: Syntax error, unexpected T_NS_SEPARATOR on line 5 {"exception":"[object] (Psy\\Exception\\ParseErrorException(code: 0): PHP Parse error: Syntax error, unexpected T_NS_SEPARATOR on line 5 at C:/Users/norla/Desktop/Proyectos con Ronaldo/copia_optica/vendor/psy/psysh/src/Exception/ParseErrorException.php:44)
[stacktrace]
#0 C:/Users/norla/Desktop/Proyectos con Ronaldo/copia_optica/vendor/psy/psysh/src/CodeCleaner.php(488): Psy/Exception/ParseErrorException::fromParseError(Object(PhpParser/Error))
#1 C:/Users/norla/Desktop/Proyectos con Ronaldo/copia_optica/vendor/psy/psysh/src/CodeCleaner.php(269): Psy/CodeCleaner->parse('<?php /nuse App//...', false)
#2 C:/Users/norla/Desktop/Proyectos con Ronaldo/copia_optica/vendor/psy/psysh/src/Shell.php(1059): Psy/CodeCleaner->clean(Array, false)
#3 C:/Users/norla/Desktop/Proyectos con Ronaldo/copia_optica/vendor/psy/psysh/src/Shell.php(1092): Psy/Shell->addCode('/nuse App//Models...', true)
#4 C:/Users/norla/Desktop/Proyectos con Ronaldo/copia_optica/vendor/psy/psysh/src/Shell.php(1640): Psy/Shell->setCode('/nuse App//Models...', true)
#5 C:/Users/norla/Desktop/Proyectos con Ronaldo/copia_optica/vendor/laravel/tinker/src/Console/TinkerCommand.php(77): Psy/Shell->execute('/nuse App//Models...')
#6 C:/Users/norla/Desktop/Proyectos con Ronaldo/copia_optica/vendor/laravel/framework/src/Illuminate/Container/BoundMethod.php(36): Laravel/Tinker/Console/TinkerCommand->handle()
#7 C:/Users/norla/Desktop/Proyectos con Ronaldo/copia_optica/vendor/laravel/framework/src/Illuminate/Container/Util.php(43): Illuminate/Container/BoundMethod::{closure:Illuminate/Container/BoundMethod::call():35}()
#8 C:/Users/norla/Desktop/Proyectos con Ronaldo/copia_optica/vendor/laravel/framework/src/Illuminate/Container/BoundMethod.php(96): Illuminate/Container/Util::unwrapIfClosure(Object(Closure))
#9 C:/Users/norla/Desktop/Proyectos con Ronaldo/copia_optica/vendor/laravel/framework/src/Illuminate/Container/BoundMethod.php(35): Illuminate/Container/BoundMethod::callBoundMethod(Object(Illuminate/Foundation/Application), Array, Object(Closure))
#10 C:/Users/norla/Desktop/Proyectos con Ronaldo/copia_optica/vendor/laravel/framework/src/Illuminate/Container/Container.php(799): Illuminate/Container/BoundMethod::call(Object(Illuminate/Foundation/Application), Array, Array, NULL)
#11 C:/Users/norla/Desktop/Proyectos con Ronaldo/copia_optica/vendor/laravel/framework/src/Illuminate/Console/Command.php(211): Illuminate/Container/Container->call(Array)
#12 C:/Users/norla/Desktop/Proyectos con Ronaldo/copia_optica/vendor/symfony/console/Command/Command.php(341): Illuminate/Console/Command->execute(Object(Symfony/Component/Console/Input/ArgvInput), Object(Illuminate/Console/OutputStyle))
#13 C:/Users/norla/Desktop/Proyectos con Ronaldo/copia_optica/vendor/laravel/framework/src/Illuminate/Console/Command.php(180): Symfony/Component/Console/Command/Command->run(Object(Symfony/Component/Console/Input/ArgvInput), Object(Illuminate/Console/OutputStyle))
#14 C:/Users/norla/Desktop/Proyectos con Ronaldo/copia_optica/vendor/symfony/console/Application.php(1102): Illuminate/Console/Command->run(Object(Symfony/Component/Console/Input/ArgvInput), Object(Symfony/Component/Console/Output/ConsoleOutput))
#15 C:/Users/norla/Desktop/Proyectos con Ronaldo/copia_optica/vendor/symfony/console/Application.php(356): Symfony/Component/Console/Application->doRunCommand(Object(Laravel/Tinker/Console/TinkerCommand), Object(Symfony/Component/Console/Input/ArgvInput), Object(Symfony/Component/Console/Output/ConsoleOutput))
#16 C:/Users/norla/Desktop/Proyectos con Ronaldo/copia_optica/vendor/symfony/console/Application.php(195): Symfony/Component/Console/Application->doRun(Object(Symfony/Component/Console/Input/ArgvInput), Object(Symfony/Component/Console/Output/ConsoleOutput))
#17 C:/Users/norla/Desktop/Proyectos con Ronaldo/copia_optica/vendor/laravel/framework/src/Illuminate/Foundation/Console/Kernel.php(198): Symfony/Component/Console/Application->run(Object(Symfony/Component/Console/Input/ArgvInput), Object(Symfony/Component/Console/Output/ConsoleOutput))
#18 C:/Users/norla/Desktop/Proyectos con Ronaldo/copia_optica/vendor/laravel/framework/src/Illuminate/Foundation/Application.php(1235): Illuminate/Foundation/Console/Kernel->handle(Object(Symfony/Component/Console/Input/ArgvInput), Object(Symfony/Component/Console/Output/ConsoleOutput))
#19 C:/Users/norla/Desktop/Proyectos con Ronaldo/copia_optica/artisan(16): Illuminate/Foundation/Application->handleCommand(Object(Symfony/Component/Console/Input/ArgvInput))
#20 {main}
"} 
